{
  "RSpec": {
    "coverage": {
      "/Users/jenniferbacon/Documents/Coding/Makers/week14/Bank-tech-test/spec/bank_spec.rb": [
        1,
        null,
        1,
        3,
        3,
        3,
        null,
        1,
        2,
        2,
        2,
        2,
        null,
        null,
        1,
        1,
        1,
        null,
        null,
        1,
        1,
        1,
        null,
        null,
        null
      ],
      "/Users/jenniferbacon/Documents/Coding/Makers/week14/Bank-tech-test/lib/bank.rb": [
        1,
        1,
        null,
        1,
        2,
        null,
        null,
        1,
        1,
        null,
        null,
        1,
        1,
        null,
        null,
        null
      ],
      "/Users/jenniferbacon/Documents/Coding/Makers/week14/Bank-tech-test/spec/statement_spec.rb": [
        1,
        null,
        1,
        null,
        5,
        5,
        5,
        null,
        1,
        4,
        4,
        4,
        4,
        null,
        null,
        1,
        1,
        null,
        null,
        1,
        1,
        null,
        null,
        1,
        1,
        null,
        null,
        null,
        1,
        1,
        null,
        null,
        null,
        null
      ],
      "/Users/jenniferbacon/Documents/Coding/Makers/week14/Bank-tech-test/lib/statement.rb": [
        1,
        null,
        1,
        null,
        1,
        4,
        4,
        null,
        null,
        1,
        5,
        2,
        2,
        null,
        null,
        1,
        null,
        1,
        3,
        3,
        3,
        null,
        null,
        1,
        2,
        null,
        null,
        null
      ],
      "/Users/jenniferbacon/Documents/Coding/Makers/week14/Bank-tech-test/spec/transaction_spec.rb": [
        1,
        null,
        1,
        1,
        5,
        null,
        1,
        1,
        null,
        null,
        1,
        1,
        null,
        null,
        1,
        1,
        null,
        null,
        1,
        1,
        null,
        null,
        null,
        1,
        3,
        null,
        1,
        1,
        null,
        null,
        1,
        1,
        null,
        null,
        null
      ],
      "/Users/jenniferbacon/Documents/Coding/Makers/week14/Bank-tech-test/lib/transaction.rb": [
        1,
        1,
        null,
        1,
        6,
        6,
        null,
        null,
        1,
        4,
        2,
        null,
        null,
        1,
        2,
        null,
        null,
        1,
        3,
        null,
        null,
        1,
        2,
        1,
        null,
        1,
        null,
        null,
        null,
        null
      ]
    },
    "timestamp": 1506974363
  }
}
